  main.cpp
C:\Users\icotvaquero\Documents\GitHub\G-TECH-1\Shoot em up\Exos\Exos\Math.h(4,1): error C2011: 'Vector2' : redéfinition du type 'struct'
  (compiler le fichier source '../../SDL2/SDL2/main.cpp')
      C:\Users\icotvaquero\Documents\GitHub\G-TECH-1\Shoot em up\SDL2\SDL2\Math.h(3,8):
      voir la déclaration de 'Vector2'
  
C:\Users\icotvaquero\Documents\GitHub\G-TECH-1\Shoot em up\Exos\Exos\Geometry.h(6,1): error C2011: 'Geometry' : redéfinition du type 'class'
  (compiler le fichier source '../../SDL2/SDL2/main.cpp')
      C:\Users\icotvaquero\Documents\GitHub\G-TECH-1\Shoot em up\SDL2\SDL2\Geometry.h(5,7):
      voir la déclaration de 'Geometry'
  
C:\Users\icotvaquero\Documents\GitHub\G-TECH-1\Shoot em up\Exos\Exos\Image.h(5,22): error C2504: 'Geometry' : classe de base non définie
  (compiler le fichier source '../../SDL2/SDL2/main.cpp')
  
C:\Users\icotvaquero\Documents\GitHub\G-TECH-1\Shoot em up\Exos\Exos\Image.h(11,10): error C3668: 'Image::Draw' : la méthode comprenant le spécificateur de substitution 'override' n'a substitué aucune méthode de la classe de base
  (compiler le fichier source '../../SDL2/SDL2/main.cpp')
  
C:\Users\icotvaquero\Documents\GitHub\G-TECH-1\Shoot em up\Exos\Exos\Image.h(8,65): error C2065: 'm_x' : identificateur non déclaré
  (compiler le fichier source '../../SDL2/SDL2/main.cpp')
  
C:\Users\icotvaquero\Documents\GitHub\G-TECH-1\Shoot em up\Exos\Exos\Image.h(8,70): error C2065: 'm_y' : identificateur non déclaré
  (compiler le fichier source '../../SDL2/SDL2/main.cpp')
  
C:\Users\icotvaquero\Documents\GitHub\G-TECH-1\Shoot em up\Exos\Exos\Image.h(8,75): error C2065: 'm_width' : identificateur non déclaré
  (compiler le fichier source '../../SDL2/SDL2/main.cpp')
  
C:\Users\icotvaquero\Documents\GitHub\G-TECH-1\Shoot em up\Exos\Exos\Image.h(8,84): error C2065: 'm_height' : identificateur non déclaré
  (compiler le fichier source '../../SDL2/SDL2/main.cpp')
  
C:\Users\icotvaquero\Documents\GitHub\G-TECH-1\Shoot em up\Exos\Exos\Image.h(8,56): error C2614: 'Image' : initialisation de membre non conforme : 'Geometry' n'est ni une base ni un membre
  (compiler le fichier source '../../SDL2/SDL2/main.cpp')
  
C:\Users\icotvaquero\Documents\GitHub\G-TECH-1\Shoot em up\SDL2\SDL2\Cercle.h(4,23): error C2504: 'Geometry' : classe de base non définie
  (compiler le fichier source '../../SDL2/SDL2/main.cpp')
  
C:\Users\icotvaquero\Documents\GitHub\G-TECH-1\Shoot em up\SDL2\SDL2\Cercle.h(9,7): error C3668: 'Cercle::Draw' : la méthode comprenant le spécificateur de substitution 'override' n'a substitué aucune méthode de la classe de base
  (compiler le fichier source '../../SDL2/SDL2/main.cpp')
  
C:\Users\icotvaquero\Documents\GitHub\G-TECH-1\Shoot em up\SDL2\SDL2\Cercle.h(7,48): error C2614: 'Cercle' : initialisation de membre non conforme : 'Geometry' n'est ni une base ni un membre
  (compiler le fichier source '../../SDL2/SDL2/main.cpp')
  
C:\Users\icotvaquero\Documents\GitHub\G-TECH-1\Shoot em up\SDL2\SDL2\main.cpp(9,7): error C2512: 'Image' : aucun constructeur par défaut approprié disponible
      C:\Users\icotvaquero\Documents\GitHub\G-TECH-1\Shoot em up\Exos\Exos\Image.h(5,7):
      voir la déclaration de 'Image'
  
C:\Users\icotvaquero\Documents\GitHub\G-TECH-1\Shoot em up\SDL2\SDL2\main.cpp(34,12): warning C4244: 'initialisation' : conversion de 'float' en 'int', perte possible de données
C:\Users\icotvaquero\Documents\GitHub\G-TECH-1\Shoot em up\SDL2\SDL2\main.cpp(35,12): warning C4244: 'initialisation' : conversion de 'float' en 'int', perte possible de données
C:\Users\icotvaquero\Documents\GitHub\G-TECH-1\Shoot em up\SDL2\SDL2\main.cpp(47,36): warning C4244: 'argument' : conversion de 'float' en 'int', perte possible de données
C:\Users\icotvaquero\Documents\GitHub\G-TECH-1\Shoot em up\SDL2\SDL2\main.cpp(47,33): warning C4244: 'argument' : conversion de 'float' en 'int', perte possible de données
C:\Users\icotvaquero\Documents\GitHub\G-TECH-1\Shoot em up\SDL2\SDL2\main.cpp(67,7): error C2039: 'SetPosition' n'est pas membre de 'Rectangle'
      C:\Users\icotvaquero\Documents\GitHub\G-TECH-1\Shoot em up\SDL2\SDL2\Rectangle.h(4,7):
      voir la déclaration de 'Rectangle'
  
C:\Users\icotvaquero\Documents\GitHub\G-TECH-1\Shoot em up\SDL2\SDL2\main.cpp(69,7): error C2039: 'SetPosition' n'est pas membre de 'Rectangle'
      C:\Users\icotvaquero\Documents\GitHub\G-TECH-1\Shoot em up\SDL2\SDL2\Rectangle.h(4,7):
      voir la déclaration de 'Rectangle'
  
C:\Users\icotvaquero\Documents\GitHub\G-TECH-1\Shoot em up\SDL2\SDL2\main.cpp(71,7): error C2039: 'SetPosition' n'est pas membre de 'Rectangle'
      C:\Users\icotvaquero\Documents\GitHub\G-TECH-1\Shoot em up\SDL2\SDL2\Rectangle.h(4,7):
      voir la déclaration de 'Rectangle'
  
C:\Users\icotvaquero\Documents\GitHub\G-TECH-1\Shoot em up\SDL2\SDL2\main.cpp(73,7): error C2039: 'SetPosition' n'est pas membre de 'Rectangle'
      C:\Users\icotvaquero\Documents\GitHub\G-TECH-1\Shoot em up\SDL2\SDL2\Rectangle.h(4,7):
      voir la déclaration de 'Rectangle'
  
C:\Users\icotvaquero\Documents\GitHub\G-TECH-1\Shoot em up\SDL2\SDL2\main.cpp(75,7): error C2039: 'SetPosition' n'est pas membre de 'Rectangle'
      C:\Users\icotvaquero\Documents\GitHub\G-TECH-1\Shoot em up\SDL2\SDL2\Rectangle.h(4,7):
      voir la déclaration de 'Rectangle'
  
