  Cercle.cpp
C:\Users\icotvaquero\Documents\GitHub\G-TECH-1\Shoot em up\Project1\Project1\Cercle.cpp(12,13): warning C4244: 'initialisation' : conversion de 'double' en 'float', perte possible de données
C:\Users\icotvaquero\Documents\GitHub\G-TECH-1\Shoot em up\Project1\Project1\Cercle.cpp(15,10): warning C4244: 'initialisation' : conversion de 'float' en 'int', perte possible de données
C:\Users\icotvaquero\Documents\GitHub\G-TECH-1\Shoot em up\Project1\Project1\Cercle.cpp(16,10): warning C4244: 'initialisation' : conversion de 'float' en 'int', perte possible de données
C:\Users\icotvaquero\Documents\GitHub\G-TECH-1\Shoot em up\Project1\Project1\Cercle.cpp(18,10): warning C4244: 'initialisation' : conversion de 'float' en 'int', perte possible de données
C:\Users\icotvaquero\Documents\GitHub\G-TECH-1\Shoot em up\Project1\Project1\Cercle.cpp(19,10): warning C4244: 'initialisation' : conversion de 'float' en 'int', perte possible de données
  Geometry.cpp
C:\Users\icotvaquero\Documents\GitHub\G-TECH-1\Shoot em up\Project1\Project1\Geometry.cpp(7,13): warning C4244: '=' : conversion de 'float' en 'int', perte possible de données
C:\Users\icotvaquero\Documents\GitHub\G-TECH-1\Shoot em up\Project1\Project1\Geometry.cpp(8,13): warning C4244: '=' : conversion de 'float' en 'int', perte possible de données
C:\Users\icotvaquero\Documents\GitHub\G-TECH-1\Shoot em up\Project1\Project1\Geometry.cpp(14,17): warning C4244: '=' : conversion de 'float' en 'int', perte possible de données
C:\Users\icotvaquero\Documents\GitHub\G-TECH-1\Shoot em up\Project1\Project1\Geometry.cpp(15,17): warning C4244: '=' : conversion de 'float' en 'int', perte possible de données
  Image.cpp
C:\Users\icotvaquero\Documents\GitHub\G-TECH-1\Shoot em up\Project1\Project1\Image.cpp(35,20): warning C4244: 'initialisation' : conversion de 'int' en 'float', perte possible de données
C:\Users\icotvaquero\Documents\GitHub\G-TECH-1\Shoot em up\Project1\Project1\Image.cpp(36,21): warning C4244: 'initialisation' : conversion de 'int' en 'float', perte possible de données
C:\Users\icotvaquero\Documents\GitHub\G-TECH-1\Shoot em up\Project1\Project1\Image.cpp(40,13): warning C4244: '*=' : conversion de 'float' en 'int', perte possible de données
C:\Users\icotvaquero\Documents\GitHub\G-TECH-1\Shoot em up\Project1\Project1\Image.cpp(41,14): warning C4244: '*=' : conversion de 'float' en 'int', perte possible de données
  InputManager.cpp
  Rectangle.cpp
  main.cpp
C:\Users\icotvaquero\Documents\GitHub\G-TECH-1\Shoot em up\Project1\Project1\main.cpp(33,12): warning C4244: 'initialisation' : conversion de 'float' en 'int', perte possible de données
C:\Users\icotvaquero\Documents\GitHub\G-TECH-1\Shoot em up\Project1\Project1\main.cpp(34,12): warning C4244: 'initialisation' : conversion de 'float' en 'int', perte possible de données
C:\Users\icotvaquero\Documents\GitHub\G-TECH-1\Shoot em up\Project1\Project1\main.cpp(46,36): warning C4244: 'argument' : conversion de 'float' en 'int', perte possible de données
C:\Users\icotvaquero\Documents\GitHub\G-TECH-1\Shoot em up\Project1\Project1\main.cpp(46,33): warning C4244: 'argument' : conversion de 'float' en 'int', perte possible de données
  Génération de code en cours...
main.obj : error LNK2001: symbole externe non résolu "public: virtual void __cdecl Rectangle::Resize(int,int)" (?Resize@Rectangle@@UEAAXHH@Z)
main.obj : error LNK2001: symbole externe non résolu "public: virtual void __cdecl Cercle::Resize(int,int)" (?Resize@Cercle@@UEAAXHH@Z)
C:\Users\icotvaquero\Documents\GitHub\G-TECH-1\Shoot em up\Project1\x64\Debug\Project1.exe : fatal error LNK1120: 2 externes non résolus
